<?xml version="1.0" encoding="UTF-8"?>
<!-- Generated by org.testng.reporters.JUnitReportReporter -->
<testsuite hostname="LNGDELL-549" failures="0" tests="3" name="myTest.TestGreeter" time="0.004" errors="0" timestamp="25 Sep 2023 19:58:02 GMT" skipped="0">
  <testcase classname="myTest.TestGreeter" name="GreeterShowIdIncludeGreetingMessage" time="0.002"/>
  <testcase classname="myTest.TestGreeter" name="GreeterShowIdIncludeGreetingPhrase" time="0.001"/>
  <testcase classname="myTest.TestGreeter" name="GreeterShowIdIncludeTheOneBeingGreeted" time="0.001"/>
</testsuite> <!-- myTest.TestGreeter -->
